Using pre-set license
Built from '2020.3/staging' branch; Version is '2020.3.25f1 (9b9180224418) revision 10195328'; Using compiler version '192528614'; Build Type 'Release'
OS: 'Windows 10  (10.0.19042) 64bit Professional' Language: 'en' Physical Memory: 16263 MB
BatchMode: 1, IsHumanControllingUs: 0, StartBugReporterOnCrash: 0, Is64bit: 1, IsPro: 0

COMMAND LINE ARGUMENTS:
C:\Program Files\Unity\Hub\Editor\2020.3.25f1\Editor\Unity.exe
-adb2
-batchMode
-noUpm
-name
AssetImportWorker0
-projectPath
C:/Users/hp/Documents/GitHub/ChickenInvader/ChickenInvader
-logFile
Logs/AssetImportWorker0.log
-srvPort
60613
Successfully changed project path to: C:/Users/hp/Documents/GitHub/ChickenInvader/ChickenInvader
C:/Users/hp/Documents/GitHub/ChickenInvader/ChickenInvader
Using Asset Import Pipeline V2.
Refreshing native plugins compatible for Editor in 43.46 ms, found 2 plugins.
Preloading 0 native plugins for Editor in 0.00 ms.
Initialize engine version: 2020.3.25f1 (9b9180224418)
[Subsystems] Discovering subsystems at path C:/Program Files/Unity/Hub/Editor/2020.3.25f1/Editor/Data/Resources/UnitySubsystems
[Subsystems] Discovering subsystems at path C:/Users/hp/Documents/GitHub/ChickenInvader/ChickenInvader/Assets
GfxDevice: creating device client; threaded=0
Direct3D:
    Version:  Direct3D 11.0 [level 11.1]
    Renderer: Intel(R) HD Graphics 620 (ID=0x5916)
    Vendor:   
    VRAM:     8131 MB
    Driver:   27.20.100.8854
Initialize mono
Mono path[0] = 'C:/Program Files/Unity/Hub/Editor/2020.3.25f1/Editor/Data/Managed'
Mono path[1] = 'C:/Program Files/Unity/Hub/Editor/2020.3.25f1/Editor/Data/MonoBleedingEdge/lib/mono/unityjit'
Mono config path = 'C:/Program Files/Unity/Hub/Editor/2020.3.25f1/Editor/Data/MonoBleedingEdge/etc'
Using monoOptions --debugger-agent=transport=dt_socket,embedding=1,server=y,suspend=n,address=127.0.0.1:56140
Begin MonoManager ReloadAssembly
Registering precompiled unity dll's ...
Register platform support module: C:/Program Files/Unity/Hub/Editor/2020.3.25f1/Editor/Data/PlaybackEngines/WebGLSupport/UnityEditor.WebGL.Extensions.dll
Register platform support module: C:/Program Files/Unity/Hub/Editor/2020.3.25f1/Editor/Data/PlaybackEngines/WindowsStandaloneSupport/UnityEditor.WindowsStandalone.Extensions.dll
Registered in 0.003761 seconds.
Native extension for WindowsStandalone target not found
Native extension for WebGL target not found
Refreshing native plugins compatible for Editor in 44.00 ms, found 2 plugins.
Preloading 0 native plugins for Editor in 0.00 ms.
Mono: successfully reloaded assembly
- Completed reload, in  0.734 seconds
Domain Reload Profiling:
	ReloadAssembly (734ms)
		BeginReloadAssembly (76ms)
			ExecutionOrderSort (0ms)
			DisableScriptedObjects (0ms)
			BackupInstance (0ms)
			ReleaseScriptingObjects (0ms)
			CreateAndSetChildDomain (1ms)
		EndReloadAssembly (563ms)
			LoadAssemblies (74ms)
			RebuildTransferFunctionScriptingTraits (0ms)
			SetupTypeCache (185ms)
			ReleaseScriptCaches (0ms)
			RebuildScriptCaches (39ms)
			SetupLoadedEditorAssemblies (213ms)
				LogAssemblyErrors (0ms)
				InitializePlatformSupportModulesInManaged (8ms)
				SetLoadedEditorAssemblies (0ms)
				RefreshPlugins (44ms)
				BeforeProcessingInitializeOnLoad (24ms)
				ProcessInitializeOnLoadAttributes (100ms)
				ProcessInitializeOnLoadMethodAttributes (37ms)
				AfterProcessingInitializeOnLoad (0ms)
				EditorAssembliesLoaded (0ms)
			ExecutionOrderSort2 (0ms)
			AwakeInstancesAfterBackupRestoration (0ms)
Platform modules already initialized, skipping
Registering precompiled user dll's ...
Registered in 0.006674 seconds.
Begin MonoManager ReloadAssembly
Native extension for WindowsStandalone target not found
Native extension for WebGL target not found
Refreshing native plugins compatible for Editor in 0.36 ms, found 2 plugins.
Preloading 0 native plugins for Editor in 0.00 ms.
Mono: successfully reloaded assembly
- Completed reload, in  1.276 seconds
Domain Reload Profiling:
	ReloadAssembly (1277ms)
		BeginReloadAssembly (176ms)
			ExecutionOrderSort (0ms)
			DisableScriptedObjects (5ms)
			BackupInstance (0ms)
			ReleaseScriptingObjects (0ms)
			CreateAndSetChildDomain (23ms)
		EndReloadAssembly (1024ms)
			LoadAssemblies (109ms)
			RebuildTransferFunctionScriptingTraits (0ms)
			SetupTypeCache (340ms)
			ReleaseScriptCaches (0ms)
			RebuildScriptCaches (50ms)
			SetupLoadedEditorAssemblies (415ms)
				LogAssemblyErrors (0ms)
				InitializePlatformSupportModulesInManaged (7ms)
				SetLoadedEditorAssemblies (1ms)
				RefreshPlugins (0ms)
				BeforeProcessingInitializeOnLoad (100ms)
				ProcessInitializeOnLoadAttributes (284ms)
				ProcessInitializeOnLoadMethodAttributes (13ms)
				AfterProcessingInitializeOnLoad (9ms)
				EditorAssembliesLoaded (0ms)
			ExecutionOrderSort2 (0ms)
			AwakeInstancesAfterBackupRestoration (8ms)
Platform modules already initialized, skipping
========================================================================
Worker process is ready to serve import requests
Launched and connected shader compiler UnityShaderCompiler.exe after 0.10 seconds
Refreshing native plugins compatible for Editor in 0.50 ms, found 2 plugins.
Preloading 0 native plugins for Editor in 0.00 ms.
Unloading 1535 Unused Serialized files (Serialized files now loaded: 0)
System memory in use before: 69.8 MB.
System memory in use after: 69.8 MB.

Unloading 20 unused Assets to reduce memory usage. Loaded Objects now: 1966.
Total: 2.970500 ms (FindLiveObjects: 0.174000 ms CreateObjectMapping: 0.092400 ms MarkObjects: 2.630200 ms  DeleteObjects: 0.072700 ms)

AssetImportParameters requested are different than current active one (requested -> active):
  custom:framework-win-MediaFoundation: 216162199b28c13a410421893ffa2e32 -> 
  custom:video-decoder-ogg-theora: a1e56fd34408186e4bbccfd4996cb3dc -> 
  custom:container-muxer-webm: aa71ff27fc2769a1b78a27578f13a17b -> 
  custom:container-demuxer-webm: 4f35f7cbe854078d1ac9338744f61a02 -> 
  custom:container-demuxer-ogg: 62fdf1f143b41e24485cea50d1cbac27 -> 
  custom:video-encoder-webm-vp8: eb34c28f22e8b96e1ab97ce403110664 -> 
  custom:video-decoder-webm-vp8: 9c59270c3fd7afecdb556c50c9e8de78 -> 
  custom:audio-decoder-ogg-vorbis: bf7c407c2cedff20999df2af8eb42d56 -> 
  custom:audio-encoder-webm-vorbis: bf7c407c2cedff20999df2af8eb42d56 -> 
========================================================================
Received Import Request.
  path: Assets/Scenes
  artifactKey: Guid(2cc2140f59848024cb581ab66d2c02af) Importer(815301076,1909f56bfc062723c751e8b465ee728b)
Start importing Assets/Scenes using Guid(2cc2140f59848024cb581ab66d2c02af) Importer(815301076,1909f56bfc062723c751e8b465ee728b)  -> (artifact id: '62f2b63b2f724d136baf6d5e4eae04eb') in 0.010127 seconds 
  Import took 0.013032 seconds .

========================================================================
Received Import Request.
  Time since last request: 0.000204 seconds.
  path: Assets/Scenes/SampleScene.unity
  artifactKey: Guid(9fc0d4010bbf28b4594072e72b8655ab) Importer(815301076,1909f56bfc062723c751e8b465ee728b)
Start importing Assets/Scenes/SampleScene.unity using Guid(9fc0d4010bbf28b4594072e72b8655ab) Importer(815301076,1909f56bfc062723c751e8b465ee728b)  -> (artifact id: '85059f4f9e1a832ed95adaa0d25c5c4c') in 0.034979 seconds 
  Import took 0.043837 seconds .

========================================================================
Received Import Request.
  Time since last request: 10.076201 seconds.
  path: Assets/Scenes/GamePlay.unity
  artifactKey: Guid(9fc0d4010bbf28b4594072e72b8655ab) Importer(815301076,1909f56bfc062723c751e8b465ee728b)
Start importing Assets/Scenes/GamePlay.unity using Guid(9fc0d4010bbf28b4594072e72b8655ab) Importer(815301076,1909f56bfc062723c751e8b465ee728b)  -> (artifact id: 'e5f082da0407b0064892e857e56d6512') in 0.012678 seconds 
  Import took 0.022318 seconds .

========================================================================
Received Import Request.
  Time since last request: 22.999420 seconds.
  path: Assets/Assets/AMMO.png
  artifactKey: Guid(39341583210e47f42a77955a70562aef) Importer(815301076,1909f56bfc062723c751e8b465ee728b)
Start importing Assets/Assets/AMMO.png using Guid(39341583210e47f42a77955a70562aef) Importer(815301076,1909f56bfc062723c751e8b465ee728b)  -> (artifact id: 'a935504ebf54587ba536014a778c1f95') in 0.165602 seconds 
  Import took 0.170748 seconds .

========================================================================
Received Import Request.
  Time since last request: 0.000203 seconds.
  path: Assets/Assets/CARD01 (1).png
  artifactKey: Guid(1ffd1d305f3119b40a8f84caea191c2d) Importer(815301076,1909f56bfc062723c751e8b465ee728b)
Start importing Assets/Assets/CARD01 (1).png using Guid(1ffd1d305f3119b40a8f84caea191c2d) Importer(815301076,1909f56bfc062723c751e8b465ee728b)  -> (artifact id: '0e3788aec759c7ae333bdab16a6ca041') in 0.033269 seconds 
  Import took 0.035953 seconds .

========================================================================
Received Import Request.
  Time since last request: 0.000193 seconds.
  path: Assets/Assets/SPACECHICKEN.png
  artifactKey: Guid(fd51ebbc7b9a0e2429e8141d1d7e4dd4) Importer(815301076,1909f56bfc062723c751e8b465ee728b)
Start importing Assets/Assets/SPACECHICKEN.png using Guid(fd51ebbc7b9a0e2429e8141d1d7e4dd4) Importer(815301076,1909f56bfc062723c751e8b465ee728b)  -> (artifact id: '311f20b6a7f1c18aa70d97022cd5abb3') in 0.028917 seconds 
  Import took 0.031757 seconds .

========================================================================
Received Import Request.
  Time since last request: 0.000188 seconds.
  path: Assets/Assets/COMET.png
  artifactKey: Guid(3d02428f8ab017949886e2dea575d066) Importer(815301076,1909f56bfc062723c751e8b465ee728b)
Start importing Assets/Assets/COMET.png using Guid(3d02428f8ab017949886e2dea575d066) Importer(815301076,1909f56bfc062723c751e8b465ee728b)  -> (artifact id: '44d3c96d20206f8a7dbc6b38d5a7a9ef') in 0.039386 seconds 
  Import took 0.044638 seconds .

========================================================================
Received Import Request.
  Time since last request: 0.000216 seconds.
  path: Assets/Assets
  artifactKey: Guid(e4099a7eb5676974b80784e6d9078335) Importer(815301076,1909f56bfc062723c751e8b465ee728b)
Start importing Assets/Assets using Guid(e4099a7eb5676974b80784e6d9078335) Importer(815301076,1909f56bfc062723c751e8b465ee728b)  -> (artifact id: '8e0416b8c36805b8e3e5e23e3ae1796c') in 0.016064 seconds 
  Import took 0.019669 seconds .

========================================================================
Received Import Request.
  Time since last request: 0.000201 seconds.
  path: Assets/Assets/CARD02.png
  artifactKey: Guid(807ed3c68c4b54a43b2c064bcd533333) Importer(815301076,1909f56bfc062723c751e8b465ee728b)
Start importing Assets/Assets/CARD02.png using Guid(807ed3c68c4b54a43b2c064bcd533333) Importer(815301076,1909f56bfc062723c751e8b465ee728b)  -> (artifact id: 'fcb35f23aad2e37d94e0daaf837b530e') in 0.036355 seconds 
  Import took 0.041147 seconds .

========================================================================
Received Import Request.
  Time since last request: 0.000187 seconds.
  path: Assets/Assets/BUTTON.png
  artifactKey: Guid(a42865f5f369e2e4f8ec7c73984fde7a) Importer(815301076,1909f56bfc062723c751e8b465ee728b)
Start importing Assets/Assets/BUTTON.png using Guid(a42865f5f369e2e4f8ec7c73984fde7a) Importer(815301076,1909f56bfc062723c751e8b465ee728b)  -> (artifact id: 'ddc4236418471685d3d26a0ba840b172') in 0.025760 seconds 
  Import took 0.028903 seconds .

========================================================================
Received Import Request.
  Time since last request: 0.000186 seconds.
  path: Assets/Assets/win.png
  artifactKey: Guid(72cc9069e33834b41b6be55abf55e7c3) Importer(815301076,1909f56bfc062723c751e8b465ee728b)
Start importing Assets/Assets/win.png using Guid(72cc9069e33834b41b6be55abf55e7c3) Importer(815301076,1909f56bfc062723c751e8b465ee728b)  -> (artifact id: 'db179e411c27ddaed00463166b24a9ab') in 0.031351 seconds 
  Import took 0.034349 seconds .

========================================================================
Received Import Request.
  Time since last request: 0.000246 seconds.
  path: Assets/Assets/SHOT_SPACECHICKEN.png
  artifactKey: Guid(5d21f0077f8423b4580d00726895774c) Importer(815301076,1909f56bfc062723c751e8b465ee728b)
Start importing Assets/Assets/SHOT_SPACECHICKEN.png using Guid(5d21f0077f8423b4580d00726895774c) Importer(815301076,1909f56bfc062723c751e8b465ee728b)  -> (artifact id: 'c222e5320c99b9015b3128daa45b9f23') in 0.037477 seconds 
  Import took 0.043575 seconds .

========================================================================
Received Import Request.
  Time since last request: 0.000274 seconds.
  path: Assets/Assets/YOUWINCARD.png
  artifactKey: Guid(6058f322763a1ca498f47cea34bfca93) Importer(815301076,1909f56bfc062723c751e8b465ee728b)
Start importing Assets/Assets/YOUWINCARD.png using Guid(6058f322763a1ca498f47cea34bfca93) Importer(815301076,1909f56bfc062723c751e8b465ee728b)  -> (artifact id: '928996faf15620b0abda14c13512b606') in 0.031640 seconds 
  Import took 0.036512 seconds .

========================================================================
Received Import Request.
  Time since last request: 0.000417 seconds.
  path: Assets/Assets/BOMB_BOSS.png
  artifactKey: Guid(3c98914e5be5f6f44ab94bdac33370a7) Importer(815301076,1909f56bfc062723c751e8b465ee728b)
Start importing Assets/Assets/BOMB_BOSS.png using Guid(3c98914e5be5f6f44ab94bdac33370a7) Importer(815301076,1909f56bfc062723c751e8b465ee728b)  -> (artifact id: '793a551b23fcc310590a389af5710f37') in 0.027236 seconds 
  Import took 0.039595 seconds .

========================================================================
Received Import Request.
  Time since last request: 0.000299 seconds.
  path: Assets/Assets/BOSS.png
  artifactKey: Guid(be52fea6b5a0f5643bc22ddd549dcf63) Importer(815301076,1909f56bfc062723c751e8b465ee728b)
Start importing Assets/Assets/BOSS.png using Guid(be52fea6b5a0f5643bc22ddd549dcf63) Importer(815301076,1909f56bfc062723c751e8b465ee728b)  -> (artifact id: '12cb6173a635b3b4e5e5c6ce81e7b91e') in 0.032114 seconds 
  Import took 0.037330 seconds .

========================================================================
Received Import Request.
  Time since last request: 0.000226 seconds.
  path: Assets/Assets/CARD03_GAMEOVER.png
  artifactKey: Guid(074bf62b291c4924aa9cf3aae6633698) Importer(815301076,1909f56bfc062723c751e8b465ee728b)
Start importing Assets/Assets/CARD03_GAMEOVER.png using Guid(074bf62b291c4924aa9cf3aae6633698) Importer(815301076,1909f56bfc062723c751e8b465ee728b)  -> (artifact id: '8d51b0089690cc6abc659a1fe449edbf') in 0.027802 seconds 
  Import took 0.030688 seconds .

========================================================================
Received Import Request.
  Time since last request: 0.000327 seconds.
  path: Assets/Assets/BACKGROUND.png
  artifactKey: Guid(ca1f5d5217de8cb4ea576e4ec34e6544) Importer(815301076,1909f56bfc062723c751e8b465ee728b)
Start importing Assets/Assets/BACKGROUND.png using Guid(ca1f5d5217de8cb4ea576e4ec34e6544) Importer(815301076,1909f56bfc062723c751e8b465ee728b)  -> (artifact id: '498ee2fcf04bb07a52f5c27d9ef9abdc') in 0.030431 seconds 
  Import took 0.033822 seconds .

========================================================================
Received Import Request.
  Time since last request: 0.000222 seconds.
  path: Assets/Assets/CARD01.png
  artifactKey: Guid(589ade39d1dd98245ac385cf3841c3d2) Importer(815301076,1909f56bfc062723c751e8b465ee728b)
Start importing Assets/Assets/CARD01.png using Guid(589ade39d1dd98245ac385cf3841c3d2) Importer(815301076,1909f56bfc062723c751e8b465ee728b)  -> (artifact id: 'e242b642ac65636aad4722e4dec5ac41') in 0.031842 seconds 
  Import took 0.034625 seconds .

========================================================================
Received Import Request.
  Time since last request: 0.000193 seconds.
  path: Assets/Assets/PLANET02.png
  artifactKey: Guid(9922a8df462910a4297d6be451c055c9) Importer(815301076,1909f56bfc062723c751e8b465ee728b)
Start importing Assets/Assets/PLANET02.png using Guid(9922a8df462910a4297d6be451c055c9) Importer(815301076,1909f56bfc062723c751e8b465ee728b)  -> (artifact id: '3e919183301871d8bafdc5df261c2d70') in 0.027956 seconds 
  Import took 0.032126 seconds .

========================================================================
Received Import Request.
  Time since last request: 0.000235 seconds.
  path: Assets/Assets/ASTEROID.png
  artifactKey: Guid(41a20952e0df87f469d591ab808c35e0) Importer(815301076,1909f56bfc062723c751e8b465ee728b)
Start importing Assets/Assets/ASTEROID.png using Guid(41a20952e0df87f469d591ab808c35e0) Importer(815301076,1909f56bfc062723c751e8b465ee728b)  -> (artifact id: '4edc54a39f9f8698d060fbb99f29d7c4') in 0.026261 seconds 
  Import took 0.028884 seconds .

========================================================================
Received Import Request.
  Time since last request: 0.000207 seconds.
  path: Assets/Assets/PLANET01.png
  artifactKey: Guid(e4a959df09729a44fb93b174e3457dce) Importer(815301076,1909f56bfc062723c751e8b465ee728b)
Start importing Assets/Assets/PLANET01.png using Guid(e4a959df09729a44fb93b174e3457dce) Importer(815301076,1909f56bfc062723c751e8b465ee728b)  -> (artifact id: '0256d8ccb3bc6f9a57a8fed8789a3a26') in 0.030624 seconds 
  Import took 0.034314 seconds .

========================================================================
Received Import Request.
  Time since last request: 0.000184 seconds.
  path: Assets/Assets/PLANET03.png
  artifactKey: Guid(2734ea79ee986d3419ac34aaa2efe3c5) Importer(815301076,1909f56bfc062723c751e8b465ee728b)
Start importing Assets/Assets/PLANET03.png using Guid(2734ea79ee986d3419ac34aaa2efe3c5) Importer(815301076,1909f56bfc062723c751e8b465ee728b)  -> (artifact id: '25e8baf96cf84ad5c85df16369615c75') in 0.034168 seconds 
  Import took 0.037586 seconds .

========================================================================
Received Import Request.
  Time since last request: 0.000365 seconds.
  path: Assets/Assets/YOUWINTEXT.png
  artifactKey: Guid(5e002792cafa0f4448496a5791c7efb8) Importer(815301076,1909f56bfc062723c751e8b465ee728b)
Start importing Assets/Assets/YOUWINTEXT.png using Guid(5e002792cafa0f4448496a5791c7efb8) Importer(815301076,1909f56bfc062723c751e8b465ee728b)  -> (artifact id: 'f8c12b1eec5da959dfd74fbaa2733229') in 0.041015 seconds 
  Import took 0.045922 seconds .

========================================================================
Received Import Request.
  Time since last request: 19.533631 seconds.
  path: Assets/Sprites
  artifactKey: Guid(e4099a7eb5676974b80784e6d9078335) Importer(815301076,1909f56bfc062723c751e8b465ee728b)
Start importing Assets/Sprites using Guid(e4099a7eb5676974b80784e6d9078335) Importer(815301076,1909f56bfc062723c751e8b465ee728b)  -> (artifact id: 'fd6b4ab5f7c5668e9a4cc74b747e9c67') in 0.017716 seconds 
  Import took 0.023346 seconds .

========================================================================
Received Import Request.
  Time since last request: 21.395072 seconds.
  path: Assets/Sprites/AMMO.png
  artifactKey: Guid(39341583210e47f42a77955a70562aef) Importer(815301076,1909f56bfc062723c751e8b465ee728b)
Start importing Assets/Sprites/AMMO.png using Guid(39341583210e47f42a77955a70562aef) Importer(815301076,1909f56bfc062723c751e8b465ee728b)  -> (artifact id: '411ae559b26a684eb6a05f5ccdc25f8a') in 0.101001 seconds 
  Import took 0.106114 seconds .

========================================================================
Received Import Request.
  Time since last request: 0.000229 seconds.
  path: Assets/Sprites/CARD01 (1).png
  artifactKey: Guid(1ffd1d305f3119b40a8f84caea191c2d) Importer(815301076,1909f56bfc062723c751e8b465ee728b)
Start importing Assets/Sprites/CARD01 (1).png using Guid(1ffd1d305f3119b40a8f84caea191c2d) Importer(815301076,1909f56bfc062723c751e8b465ee728b)  -> (artifact id: 'eb401428294fb4ca84c47d7154a4e851') in 0.032454 seconds 
  Import took 0.036468 seconds .

========================================================================
Received Import Request.
  Time since last request: 0.000228 seconds.
  path: Assets/Sprites/SPACECHICKEN.png
  artifactKey: Guid(fd51ebbc7b9a0e2429e8141d1d7e4dd4) Importer(815301076,1909f56bfc062723c751e8b465ee728b)
Start importing Assets/Sprites/SPACECHICKEN.png using Guid(fd51ebbc7b9a0e2429e8141d1d7e4dd4) Importer(815301076,1909f56bfc062723c751e8b465ee728b)  -> (artifact id: '0067468c3b31b4db02a0fd2d021162db') in 0.036567 seconds 
  Import took 0.043687 seconds .

========================================================================
Received Import Request.
  Time since last request: 0.000224 seconds.
  path: Assets/Sprites/COMET.png
  artifactKey: Guid(3d02428f8ab017949886e2dea575d066) Importer(815301076,1909f56bfc062723c751e8b465ee728b)
Start importing Assets/Sprites/COMET.png using Guid(3d02428f8ab017949886e2dea575d066) Importer(815301076,1909f56bfc062723c751e8b465ee728b)  -> (artifact id: 'acd4550915dfe5a6357cbbb4f623eb4f') in 0.032339 seconds 
  Import took 0.042750 seconds .

========================================================================
Received Import Request.
  Time since last request: 0.000664 seconds.
  path: Assets/Sprites/CARD02.png
  artifactKey: Guid(807ed3c68c4b54a43b2c064bcd533333) Importer(815301076,1909f56bfc062723c751e8b465ee728b)
Start importing Assets/Sprites/CARD02.png using Guid(807ed3c68c4b54a43b2c064bcd533333) Importer(815301076,1909f56bfc062723c751e8b465ee728b)  -> (artifact id: '4c43ba1b6cfde2d5e7c1eb752dd4e780') in 0.032891 seconds 
  Import took 0.041127 seconds .

========================================================================
Received Import Request.
  Time since last request: 0.000555 seconds.
  path: Assets/Sprites/BUTTON.png
  artifactKey: Guid(a42865f5f369e2e4f8ec7c73984fde7a) Importer(815301076,1909f56bfc062723c751e8b465ee728b)
Start importing Assets/Sprites/BUTTON.png using Guid(a42865f5f369e2e4f8ec7c73984fde7a) Importer(815301076,1909f56bfc062723c751e8b465ee728b)  -> (artifact id: '8890c9a2773785bc08bdd07671c3b487') in 0.040677 seconds 
  Import took 0.046058 seconds .

========================================================================
Received Import Request.
  Time since last request: 0.000221 seconds.
  path: Assets/Sprites/win.png
  artifactKey: Guid(72cc9069e33834b41b6be55abf55e7c3) Importer(815301076,1909f56bfc062723c751e8b465ee728b)
Start importing Assets/Sprites/win.png using Guid(72cc9069e33834b41b6be55abf55e7c3) Importer(815301076,1909f56bfc062723c751e8b465ee728b)  -> (artifact id: 'b09fa038d814488ac872c3e0801f526b') in 0.039016 seconds 
  Import took 0.043204 seconds .

========================================================================
Received Import Request.
  Time since last request: 0.000234 seconds.
  path: Assets/Sprites/SHOT_SPACECHICKEN.png
  artifactKey: Guid(5d21f0077f8423b4580d00726895774c) Importer(815301076,1909f56bfc062723c751e8b465ee728b)
Start importing Assets/Sprites/SHOT_SPACECHICKEN.png using Guid(5d21f0077f8423b4580d00726895774c) Importer(815301076,1909f56bfc062723c751e8b465ee728b)  -> (artifact id: '9e88b6d0a77b1ac6ae66685ec7701a6c') in 0.022724 seconds 
  Import took 0.026446 seconds .

========================================================================
Received Import Request.
  Time since last request: 0.000217 seconds.
  path: Assets/Sprites/YOUWINCARD.png
  artifactKey: Guid(6058f322763a1ca498f47cea34bfca93) Importer(815301076,1909f56bfc062723c751e8b465ee728b)
Start importing Assets/Sprites/YOUWINCARD.png using Guid(6058f322763a1ca498f47cea34bfca93) Importer(815301076,1909f56bfc062723c751e8b465ee728b)  -> (artifact id: 'b9bfb52d182fee33a18f95968dc05202') in 0.045380 seconds 
  Import took 0.051792 seconds .

========================================================================
Received Import Request.
  Time since last request: 0.000255 seconds.
  path: Assets/Sprites/BOMB_BOSS.png
  artifactKey: Guid(3c98914e5be5f6f44ab94bdac33370a7) Importer(815301076,1909f56bfc062723c751e8b465ee728b)
Start importing Assets/Sprites/BOMB_BOSS.png using Guid(3c98914e5be5f6f44ab94bdac33370a7) Importer(815301076,1909f56bfc062723c751e8b465ee728b)  -> (artifact id: 'cb0f7dbb0175cfc3273ed8325419a09d') in 0.039570 seconds 
  Import took 0.046395 seconds .

========================================================================
Received Import Request.
  Time since last request: 0.000400 seconds.
  path: Assets/Sprites/BOSS.png
  artifactKey: Guid(be52fea6b5a0f5643bc22ddd549dcf63) Importer(815301076,1909f56bfc062723c751e8b465ee728b)
Start importing Assets/Sprites/BOSS.png using Guid(be52fea6b5a0f5643bc22ddd549dcf63) Importer(815301076,1909f56bfc062723c751e8b465ee728b)  -> (artifact id: '9fc9318ec87ec6072694c61f64fd347a') in 0.039960 seconds 
  Import took 0.045079 seconds .

========================================================================
Received Import Request.
  Time since last request: 0.000940 seconds.
  path: Assets/Sprites/CARD03_GAMEOVER.png
  artifactKey: Guid(074bf62b291c4924aa9cf3aae6633698) Importer(815301076,1909f56bfc062723c751e8b465ee728b)
Start importing Assets/Sprites/CARD03_GAMEOVER.png using Guid(074bf62b291c4924aa9cf3aae6633698) Importer(815301076,1909f56bfc062723c751e8b465ee728b)  -> (artifact id: '950f6ed61645d3923edd3617d99df66f') in 0.025224 seconds 
  Import took 0.028944 seconds .

========================================================================
Received Import Request.
  Time since last request: 0.000142 seconds.
  path: Assets/Sprites/BACKGROUND.png
  artifactKey: Guid(ca1f5d5217de8cb4ea576e4ec34e6544) Importer(815301076,1909f56bfc062723c751e8b465ee728b)
Start importing Assets/Sprites/BACKGROUND.png using Guid(ca1f5d5217de8cb4ea576e4ec34e6544) Importer(815301076,1909f56bfc062723c751e8b465ee728b)  -> (artifact id: '9439e2f5d153ed83c5b3d2a488a43756') in 0.042466 seconds 
  Import took 0.047659 seconds .

========================================================================
Received Import Request.
  Time since last request: 0.000358 seconds.
  path: Assets/Sprites/CARD01.png
  artifactKey: Guid(589ade39d1dd98245ac385cf3841c3d2) Importer(815301076,1909f56bfc062723c751e8b465ee728b)
Start importing Assets/Sprites/CARD01.png using Guid(589ade39d1dd98245ac385cf3841c3d2) Importer(815301076,1909f56bfc062723c751e8b465ee728b)  -> (artifact id: 'd5eff43462520a5fc8145c88f853f9f7') in 0.023652 seconds 
  Import took 0.030559 seconds .

========================================================================
Received Import Request.
  Time since last request: 0.000086 seconds.
  path: Assets/Sprites/PLANET02.png
  artifactKey: Guid(9922a8df462910a4297d6be451c055c9) Importer(815301076,1909f56bfc062723c751e8b465ee728b)
Start importing Assets/Sprites/PLANET02.png using Guid(9922a8df462910a4297d6be451c055c9) Importer(815301076,1909f56bfc062723c751e8b465ee728b)  -> (artifact id: '5720104bfed5adf7501f95623811739c') in 0.025208 seconds 
  Import took 0.029723 seconds .

========================================================================
Received Import Request.
  Time since last request: 0.000511 seconds.
  path: Assets/Sprites/ASTEROID.png
  artifactKey: Guid(41a20952e0df87f469d591ab808c35e0) Importer(815301076,1909f56bfc062723c751e8b465ee728b)
Start importing Assets/Sprites/ASTEROID.png using Guid(41a20952e0df87f469d591ab808c35e0) Importer(815301076,1909f56bfc062723c751e8b465ee728b)  -> (artifact id: 'b77335552aef3c1c085760aee6cca801') in 0.049787 seconds 
  Import took 0.054571 seconds .

========================================================================
Received Import Request.
  Time since last request: 0.000640 seconds.
  path: Assets/Sprites/PLANET01.png
  artifactKey: Guid(e4a959df09729a44fb93b174e3457dce) Importer(815301076,1909f56bfc062723c751e8b465ee728b)
Start importing Assets/Sprites/PLANET01.png using Guid(e4a959df09729a44fb93b174e3457dce) Importer(815301076,1909f56bfc062723c751e8b465ee728b)  -> (artifact id: '1563f14e19b5ac4c3c35507c54a5545d') in 0.040715 seconds 
  Import took 0.047748 seconds .

========================================================================
Received Import Request.
  Time since last request: 0.000176 seconds.
  path: Assets/Sprites/PLANET03.png
  artifactKey: Guid(2734ea79ee986d3419ac34aaa2efe3c5) Importer(815301076,1909f56bfc062723c751e8b465ee728b)
Start importing Assets/Sprites/PLANET03.png using Guid(2734ea79ee986d3419ac34aaa2efe3c5) Importer(815301076,1909f56bfc062723c751e8b465ee728b)  -> (artifact id: '1d0b8a655b755faa932b5f986b50f366') in 0.026586 seconds 
  Import took 0.033511 seconds .

========================================================================
Received Import Request.
  Time since last request: 0.000138 seconds.
  path: Assets/Sprites/YOUWINTEXT.png
  artifactKey: Guid(5e002792cafa0f4448496a5791c7efb8) Importer(815301076,1909f56bfc062723c751e8b465ee728b)
Start importing Assets/Sprites/YOUWINTEXT.png using Guid(5e002792cafa0f4448496a5791c7efb8) Importer(815301076,1909f56bfc062723c751e8b465ee728b)  -> (artifact id: 'd520c432a72a2e65347710d4089d553b') in 0.024686 seconds 
  Import took 0.030569 seconds .

========================================================================
Received Import Request.
  Time since last request: 769.411722 seconds.
  path: Assets
  artifactKey: Guid(00000000000000001000000000000000) Importer(815301076,1909f56bfc062723c751e8b465ee728b)
Start importing Assets using Guid(00000000000000001000000000000000) Importer(815301076,1909f56bfc062723c751e8b465ee728b)  -> (artifact id: '42d402b061de3733987d63b9cc3b64de') in 0.032304 seconds 
  Import took 0.036635 seconds .

========================================================================
Received Import Request.
  Time since last request: 5.657858 seconds.
  path: Assets/Scripts
  artifactKey: Guid(b6c8e1aa636c6c24f8aec79dc1d7ad56) Importer(815301076,1909f56bfc062723c751e8b465ee728b)
Start importing Assets/Scripts using Guid(b6c8e1aa636c6c24f8aec79dc1d7ad56) Importer(815301076,1909f56bfc062723c751e8b465ee728b)  -> (artifact id: '8f4db876ded72f3d8d35d57029b60e05') in 0.020908 seconds 
  Import took 0.025028 seconds .

========================================================================
Received Import Request.
  Time since last request: 10.099328 seconds.
  path: Assets/Scripts/PlayerController.cs
  artifactKey: Guid(a35005000d44abc4aa80cda35bdcaa4c) Importer(815301076,1909f56bfc062723c751e8b465ee728b)
Start importing Assets/Scripts/PlayerController.cs using Guid(a35005000d44abc4aa80cda35bdcaa4c) Importer(815301076,1909f56bfc062723c751e8b465ee728b)  -> (artifact id: 'be8ceda274a0de9534526e012529135d') in 0.084480 seconds 
  Import took 0.092613 seconds .

========================================================================
Received Prepare
Registering precompiled user dll's ...
Registered in 0.013149 seconds.
Begin MonoManager ReloadAssembly
Native extension for WindowsStandalone target not found
Native extension for WebGL target not found
Refreshing native plugins compatible for Editor in 0.68 ms, found 2 plugins.
Preloading 0 native plugins for Editor in 0.00 ms.
Mono: successfully reloaded assembly
- Completed reload, in  4.021 seconds
Domain Reload Profiling:
	ReloadAssembly (4021ms)
		BeginReloadAssembly (415ms)
			ExecutionOrderSort (0ms)
			DisableScriptedObjects (6ms)
			BackupInstance (0ms)
			ReleaseScriptingObjects (0ms)
			CreateAndSetChildDomain (259ms)
		EndReloadAssembly (3365ms)
			LoadAssemblies (208ms)
			RebuildTransferFunctionScriptingTraits (0ms)
			SetupTypeCache (2006ms)
			ReleaseScriptCaches (2ms)
			RebuildScriptCaches (111ms)
			SetupLoadedEditorAssemblies (762ms)
				LogAssemblyErrors (0ms)
				InitializePlatformSupportModulesInManaged (41ms)
				SetLoadedEditorAssemblies (1ms)
				RefreshPlugins (1ms)
				BeforeProcessingInitializeOnLoad (276ms)
				ProcessInitializeOnLoadAttributes (402ms)
				ProcessInitializeOnLoadMethodAttributes (22ms)
				AfterProcessingInitializeOnLoad (18ms)
				EditorAssembliesLoaded (1ms)
			ExecutionOrderSort2 (0ms)
			AwakeInstancesAfterBackupRestoration (14ms)
Platform modules already initialized, skipping
Refreshing native plugins compatible for Editor in 0.55 ms, found 2 plugins.
Preloading 0 native plugins for Editor in 0.00 ms.
Unloading 1530 Unused Serialized files (Serialized files now loaded: 0)
System memory in use before: 72.7 MB.
System memory in use after: 72.8 MB.

Unloading 15 unused Assets to reduce memory usage. Loaded Objects now: 2007.
Total: 4.594400 ms (FindLiveObjects: 0.268800 ms CreateObjectMapping: 0.119000 ms MarkObjects: 4.124300 ms  DeleteObjects: 0.079900 ms)

AssetImportParameters requested are different than current active one (requested -> active):
  custom:framework-win-MediaFoundation: 216162199b28c13a410421893ffa2e32 -> 
  custom:video-decoder-ogg-theora: a1e56fd34408186e4bbccfd4996cb3dc -> 
  custom:container-muxer-webm: aa71ff27fc2769a1b78a27578f13a17b -> 
  custom:container-demuxer-webm: 4f35f7cbe854078d1ac9338744f61a02 -> 
  custom:container-demuxer-ogg: 62fdf1f143b41e24485cea50d1cbac27 -> 
  custom:video-encoder-webm-vp8: eb34c28f22e8b96e1ab97ce403110664 -> 
  custom:video-decoder-webm-vp8: 9c59270c3fd7afecdb556c50c9e8de78 -> 
  custom:audio-decoder-ogg-vorbis: bf7c407c2cedff20999df2af8eb42d56 -> 
  custom:audio-encoder-webm-vorbis: bf7c407c2cedff20999df2af8eb42d56 -> 
========================================================================
Received Prepare
Registering precompiled user dll's ...
Registered in 0.010920 seconds.
Begin MonoManager ReloadAssembly
Native extension for WindowsStandalone target not found
Native extension for WebGL target not found
Refreshing native plugins compatible for Editor in 0.37 ms, found 2 plugins.
Preloading 0 native plugins for Editor in 0.00 ms.
Mono: successfully reloaded assembly
- Completed reload, in  1.685 seconds
Domain Reload Profiling:
	ReloadAssembly (1685ms)
		BeginReloadAssembly (192ms)
			ExecutionOrderSort (0ms)
			DisableScriptedObjects (6ms)
			BackupInstance (0ms)
			ReleaseScriptingObjects (0ms)
			CreateAndSetChildDomain (56ms)
		EndReloadAssembly (1336ms)
			LoadAssemblies (197ms)
			RebuildTransferFunctionScriptingTraits (0ms)
			SetupTypeCache (476ms)
			ReleaseScriptCaches (1ms)
			RebuildScriptCaches (56ms)
			SetupLoadedEditorAssemblies (438ms)
				LogAssemblyErrors (0ms)
				InitializePlatformSupportModulesInManaged (8ms)
				SetLoadedEditorAssemblies (1ms)
				RefreshPlugins (0ms)
				BeforeProcessingInitializeOnLoad (96ms)
				ProcessInitializeOnLoadAttributes (313ms)
				ProcessInitializeOnLoadMethodAttributes (10ms)
				AfterProcessingInitializeOnLoad (9ms)
				EditorAssembliesLoaded (0ms)
			ExecutionOrderSort2 (0ms)
			AwakeInstancesAfterBackupRestoration (8ms)
Platform modules already initialized, skipping
Refreshing native plugins compatible for Editor in 0.52 ms, found 2 plugins.
Preloading 0 native plugins for Editor in 0.00 ms.
Unloading 1530 Unused Serialized files (Serialized files now loaded: 0)
System memory in use before: 72.8 MB.
System memory in use after: 72.9 MB.

Unloading 15 unused Assets to reduce memory usage. Loaded Objects now: 2009.
Total: 2.789900 ms (FindLiveObjects: 0.160300 ms CreateObjectMapping: 0.066200 ms MarkObjects: 2.532700 ms  DeleteObjects: 0.028800 ms)

AssetImportParameters requested are different than current active one (requested -> active):
  custom:framework-win-MediaFoundation: 216162199b28c13a410421893ffa2e32 -> 
  custom:video-decoder-ogg-theora: a1e56fd34408186e4bbccfd4996cb3dc -> 
  custom:container-muxer-webm: aa71ff27fc2769a1b78a27578f13a17b -> 
  custom:container-demuxer-webm: 4f35f7cbe854078d1ac9338744f61a02 -> 
  custom:container-demuxer-ogg: 62fdf1f143b41e24485cea50d1cbac27 -> 
  custom:video-encoder-webm-vp8: eb34c28f22e8b96e1ab97ce403110664 -> 
  custom:video-decoder-webm-vp8: 9c59270c3fd7afecdb556c50c9e8de78 -> 
  custom:audio-decoder-ogg-vorbis: bf7c407c2cedff20999df2af8eb42d56 -> 
  custom:audio-encoder-webm-vorbis: bf7c407c2cedff20999df2af8eb42d56 -> 
========================================================================
Received Import Request.
  Time since last request: 114.034884 seconds.
  path: Assets/Scripts/PlayerController.cs
  artifactKey: Guid(a35005000d44abc4aa80cda35bdcaa4c) Importer(815301076,1909f56bfc062723c751e8b465ee728b)
Start importing Assets/Scripts/PlayerController.cs using Guid(a35005000d44abc4aa80cda35bdcaa4c) Importer(815301076,1909f56bfc062723c751e8b465ee728b)  -> (artifact id: '0c6fcd094f0facdcb896b85eca6dc8c5') in 0.008844 seconds 
  Import took 0.012221 seconds .

========================================================================
Received Prepare
Registering precompiled user dll's ...
Registered in 0.006814 seconds.
Begin MonoManager ReloadAssembly
Native extension for WindowsStandalone target not found
Native extension for WebGL target not found
Refreshing native plugins compatible for Editor in 0.45 ms, found 2 plugins.
Preloading 0 native plugins for Editor in 0.00 ms.
Mono: successfully reloaded assembly
- Completed reload, in  1.286 seconds
Domain Reload Profiling:
	ReloadAssembly (1287ms)
		BeginReloadAssembly (152ms)
			ExecutionOrderSort (0ms)
			DisableScriptedObjects (8ms)
			BackupInstance (0ms)
			ReleaseScriptingObjects (0ms)
			CreateAndSetChildDomain (40ms)
		EndReloadAssembly (1054ms)
			LoadAssemblies (126ms)
			RebuildTransferFunctionScriptingTraits (0ms)
			SetupTypeCache (376ms)
			ReleaseScriptCaches (1ms)
			RebuildScriptCaches (63ms)
			SetupLoadedEditorAssemblies (378ms)
				LogAssemblyErrors (0ms)
				InitializePlatformSupportModulesInManaged (7ms)
				SetLoadedEditorAssemblies (1ms)
				RefreshPlugins (1ms)
				BeforeProcessingInitializeOnLoad (112ms)
				ProcessInitializeOnLoadAttributes (237ms)
				ProcessInitializeOnLoadMethodAttributes (12ms)
				AfterProcessingInitializeOnLoad (9ms)
				EditorAssembliesLoaded (0ms)
			ExecutionOrderSort2 (0ms)
			AwakeInstancesAfterBackupRestoration (10ms)
Platform modules already initialized, skipping
Refreshing native plugins compatible for Editor in 0.42 ms, found 2 plugins.
Preloading 0 native plugins for Editor in 0.00 ms.
Unloading 1530 Unused Serialized files (Serialized files now loaded: 0)
System memory in use before: 72.8 MB.
System memory in use after: 72.9 MB.

Unloading 15 unused Assets to reduce memory usage. Loaded Objects now: 2011.
Total: 2.768200 ms (FindLiveObjects: 0.165400 ms CreateObjectMapping: 0.060500 ms MarkObjects: 2.522000 ms  DeleteObjects: 0.019100 ms)

AssetImportParameters requested are different than current active one (requested -> active):
  custom:framework-win-MediaFoundation: 216162199b28c13a410421893ffa2e32 -> 
  custom:video-decoder-ogg-theora: a1e56fd34408186e4bbccfd4996cb3dc -> 
  custom:container-muxer-webm: aa71ff27fc2769a1b78a27578f13a17b -> 
  custom:container-demuxer-webm: 4f35f7cbe854078d1ac9338744f61a02 -> 
  custom:container-demuxer-ogg: 62fdf1f143b41e24485cea50d1cbac27 -> 
  custom:video-encoder-webm-vp8: eb34c28f22e8b96e1ab97ce403110664 -> 
  custom:video-decoder-webm-vp8: 9c59270c3fd7afecdb556c50c9e8de78 -> 
  custom:audio-decoder-ogg-vorbis: bf7c407c2cedff20999df2af8eb42d56 -> 
  custom:audio-encoder-webm-vorbis: bf7c407c2cedff20999df2af8eb42d56 -> 
========================================================================
Received Import Request.
  Time since last request: 420.297846 seconds.
  path: Assets/Scripts/PlayerController.cs
  artifactKey: Guid(a35005000d44abc4aa80cda35bdcaa4c) Importer(815301076,1909f56bfc062723c751e8b465ee728b)
Start importing Assets/Scripts/PlayerController.cs using Guid(a35005000d44abc4aa80cda35bdcaa4c) Importer(815301076,1909f56bfc062723c751e8b465ee728b)  -> (artifact id: 'aae38f7b17d855b609a7af4b193a5970') in 0.020486 seconds 
  Import took 0.026477 seconds .

========================================================================
Received Prepare
Registering precompiled user dll's ...
Registered in 0.023726 seconds.
Begin MonoManager ReloadAssembly
Native extension for WindowsStandalone target not found
Native extension for WebGL target not found
Refreshing native plugins compatible for Editor in 0.37 ms, found 2 plugins.
Preloading 0 native plugins for Editor in 0.00 ms.
Mono: successfully reloaded assembly
- Completed reload, in  1.724 seconds
Domain Reload Profiling:
	ReloadAssembly (1725ms)
		BeginReloadAssembly (152ms)
			ExecutionOrderSort (0ms)
			DisableScriptedObjects (6ms)
			BackupInstance (0ms)
			ReleaseScriptingObjects (0ms)
			CreateAndSetChildDomain (38ms)
		EndReloadAssembly (1496ms)
			LoadAssemblies (128ms)
			RebuildTransferFunctionScriptingTraits (0ms)
			SetupTypeCache (596ms)
			ReleaseScriptCaches (1ms)
			RebuildScriptCaches (71ms)
			SetupLoadedEditorAssemblies (541ms)
				LogAssemblyErrors (0ms)
				InitializePlatformSupportModulesInManaged (7ms)
				SetLoadedEditorAssemblies (1ms)
				RefreshPlugins (0ms)
				BeforeProcessingInitializeOnLoad (113ms)
				ProcessInitializeOnLoadAttributes (382ms)
				ProcessInitializeOnLoadMethodAttributes (25ms)
				AfterProcessingInitializeOnLoad (13ms)
				EditorAssembliesLoaded (0ms)
			ExecutionOrderSort2 (0ms)
			AwakeInstancesAfterBackupRestoration (11ms)
Platform modules already initialized, skipping
Refreshing native plugins compatible for Editor in 0.37 ms, found 2 plugins.
Preloading 0 native plugins for Editor in 0.00 ms.
Unloading 1529 Unused Serialized files (Serialized files now loaded: 0)
System memory in use before: 72.8 MB.
System memory in use after: 72.9 MB.

Unloading 16 unused Assets to reduce memory usage. Loaded Objects now: 2012.
Total: 4.061500 ms (FindLiveObjects: 0.145700 ms CreateObjectMapping: 0.066900 ms MarkObjects: 3.824000 ms  DeleteObjects: 0.023600 ms)

AssetImportParameters requested are different than current active one (requested -> active):
  custom:framework-win-MediaFoundation: 216162199b28c13a410421893ffa2e32 -> 
  custom:video-decoder-ogg-theora: a1e56fd34408186e4bbccfd4996cb3dc -> 
  custom:container-muxer-webm: aa71ff27fc2769a1b78a27578f13a17b -> 
  custom:container-demuxer-webm: 4f35f7cbe854078d1ac9338744f61a02 -> 
  custom:container-demuxer-ogg: 62fdf1f143b41e24485cea50d1cbac27 -> 
  custom:video-encoder-webm-vp8: eb34c28f22e8b96e1ab97ce403110664 -> 
  custom:video-decoder-webm-vp8: 9c59270c3fd7afecdb556c50c9e8de78 -> 
  custom:audio-decoder-ogg-vorbis: bf7c407c2cedff20999df2af8eb42d56 -> 
  custom:audio-encoder-webm-vorbis: bf7c407c2cedff20999df2af8eb42d56 -> 
========================================================================
Received Import Request.
  Time since last request: 47.353654 seconds.
  path: Assets/Scripts/PlayerController.cs
  artifactKey: Guid(a35005000d44abc4aa80cda35bdcaa4c) Importer(815301076,1909f56bfc062723c751e8b465ee728b)
Start importing Assets/Scripts/PlayerController.cs using Guid(a35005000d44abc4aa80cda35bdcaa4c) Importer(815301076,1909f56bfc062723c751e8b465ee728b)  -> (artifact id: 'e8e86c5f5624ac96af536737022be388') in 0.120515 seconds 
  Import took 0.127948 seconds .

========================================================================
Received Prepare
Registering precompiled user dll's ...
Registered in 0.008087 seconds.
Begin MonoManager ReloadAssembly
Native extension for WindowsStandalone target not found
Native extension for WebGL target not found
Refreshing native plugins compatible for Editor in 0.38 ms, found 2 plugins.
Preloading 0 native plugins for Editor in 0.00 ms.
Mono: successfully reloaded assembly
- Completed reload, in  1.595 seconds
Domain Reload Profiling:
	ReloadAssembly (1595ms)
		BeginReloadAssembly (190ms)
			ExecutionOrderSort (0ms)
			DisableScriptedObjects (7ms)
			BackupInstance (0ms)
			ReleaseScriptingObjects (0ms)
			CreateAndSetChildDomain (71ms)
		EndReloadAssembly (1280ms)
			LoadAssemblies (160ms)
			RebuildTransferFunctionScriptingTraits (0ms)
			SetupTypeCache (361ms)
			ReleaseScriptCaches (1ms)
			RebuildScriptCaches (163ms)
			SetupLoadedEditorAssemblies (415ms)
				LogAssemblyErrors (0ms)
				InitializePlatformSupportModulesInManaged (12ms)
				SetLoadedEditorAssemblies (1ms)
				RefreshPlugins (0ms)
				BeforeProcessingInitializeOnLoad (118ms)
				ProcessInitializeOnLoadAttributes (263ms)
				ProcessInitializeOnLoadMethodAttributes (12ms)
				AfterProcessingInitializeOnLoad (9ms)
				EditorAssembliesLoaded (0ms)
			ExecutionOrderSort2 (0ms)
			AwakeInstancesAfterBackupRestoration (7ms)
Platform modules already initialized, skipping
Refreshing native plugins compatible for Editor in 0.42 ms, found 2 plugins.
Preloading 0 native plugins for Editor in 0.00 ms.
Unloading 1530 Unused Serialized files (Serialized files now loaded: 0)
System memory in use before: 72.8 MB.
System memory in use after: 72.9 MB.

Unloading 15 unused Assets to reduce memory usage. Loaded Objects now: 2015.
Total: 2.913500 ms (FindLiveObjects: 0.162300 ms CreateObjectMapping: 0.055000 ms MarkObjects: 2.674900 ms  DeleteObjects: 0.020100 ms)

AssetImportParameters requested are different than current active one (requested -> active):
  custom:framework-win-MediaFoundation: 216162199b28c13a410421893ffa2e32 -> 
  custom:video-decoder-ogg-theora: a1e56fd34408186e4bbccfd4996cb3dc -> 
  custom:container-muxer-webm: aa71ff27fc2769a1b78a27578f13a17b -> 
  custom:container-demuxer-webm: 4f35f7cbe854078d1ac9338744f61a02 -> 
  custom:container-demuxer-ogg: 62fdf1f143b41e24485cea50d1cbac27 -> 
  custom:video-encoder-webm-vp8: eb34c28f22e8b96e1ab97ce403110664 -> 
  custom:video-decoder-webm-vp8: 9c59270c3fd7afecdb556c50c9e8de78 -> 
  custom:audio-decoder-ogg-vorbis: bf7c407c2cedff20999df2af8eb42d56 -> 
  custom:audio-encoder-webm-vorbis: bf7c407c2cedff20999df2af8eb42d56 -> 
========================================================================
Received Import Request.
  Time since last request: 334.982833 seconds.
  path: Assets/Scripts/nnn.cs
  artifactKey: Guid(24e7eec36a3ef324c9e8ddbcfbf6e6be) Importer(815301076,1909f56bfc062723c751e8b465ee728b)
Start importing Assets/Scripts/nnn.cs using Guid(24e7eec36a3ef324c9e8ddbcfbf6e6be) Importer(815301076,1909f56bfc062723c751e8b465ee728b)  -> (artifact id: 'fabadf1de051e94e53e12744da4f7eef') in 0.085463 seconds 
  Import took 0.090392 seconds .

========================================================================
Received Prepare
Registering precompiled user dll's ...
Registered in 0.018203 seconds.
Begin MonoManager ReloadAssembly
Native extension for WindowsStandalone target not found
Native extension for WebGL target not found
Refreshing native plugins compatible for Editor in 1.73 ms, found 2 plugins.
Preloading 0 native plugins for Editor in 0.00 ms.
Mono: successfully reloaded assembly
- Completed reload, in  3.432 seconds
Domain Reload Profiling:
	ReloadAssembly (3433ms)
		BeginReloadAssembly (182ms)
			ExecutionOrderSort (0ms)
			DisableScriptedObjects (19ms)
			BackupInstance (0ms)
			ReleaseScriptingObjects (0ms)
			CreateAndSetChildDomain (52ms)
		EndReloadAssembly (3129ms)
			LoadAssemblies (170ms)
			RebuildTransferFunctionScriptingTraits (0ms)
			SetupTypeCache (1879ms)
			ReleaseScriptCaches (1ms)
			RebuildScriptCaches (102ms)
			SetupLoadedEditorAssemblies (578ms)
				LogAssemblyErrors (0ms)
				InitializePlatformSupportModulesInManaged (17ms)
				SetLoadedEditorAssemblies (1ms)
				RefreshPlugins (2ms)
				BeforeProcessingInitializeOnLoad (139ms)
				ProcessInitializeOnLoadAttributes (387ms)
				ProcessInitializeOnLoadMethodAttributes (20ms)
				AfterProcessingInitializeOnLoad (13ms)
				EditorAssembliesLoaded (0ms)
			ExecutionOrderSort2 (0ms)
			AwakeInstancesAfterBackupRestoration (20ms)
Platform modules already initialized, skipping
Refreshing native plugins compatible for Editor in 0.95 ms, found 2 plugins.
Preloading 0 native plugins for Editor in 0.00 ms.
Unloading 1531 Unused Serialized files (Serialized files now loaded: 0)
System memory in use before: 72.8 MB.
System memory in use after: 72.9 MB.

Unloading 15 unused Assets to reduce memory usage. Loaded Objects now: 2018.
Total: 9.374000 ms (FindLiveObjects: 0.216200 ms CreateObjectMapping: 0.091700 ms MarkObjects: 9.040400 ms  DeleteObjects: 0.024000 ms)

AssetImportParameters requested are different than current active one (requested -> active):
  custom:framework-win-MediaFoundation: 216162199b28c13a410421893ffa2e32 -> 
  custom:video-decoder-ogg-theora: a1e56fd34408186e4bbccfd4996cb3dc -> 
  custom:container-muxer-webm: aa71ff27fc2769a1b78a27578f13a17b -> 
  custom:container-demuxer-webm: 4f35f7cbe854078d1ac9338744f61a02 -> 
  custom:container-demuxer-ogg: 62fdf1f143b41e24485cea50d1cbac27 -> 
  custom:video-encoder-webm-vp8: eb34c28f22e8b96e1ab97ce403110664 -> 
  custom:video-decoder-webm-vp8: 9c59270c3fd7afecdb556c50c9e8de78 -> 
  custom:audio-decoder-ogg-vorbis: bf7c407c2cedff20999df2af8eb42d56 -> 
  custom:audio-encoder-webm-vorbis: bf7c407c2cedff20999df2af8eb42d56 -> 
========================================================================
Received Import Request.
  Time since last request: 53.099196 seconds.
  path: Assets/Scripts/nnn.cs
  artifactKey: Guid(24e7eec36a3ef324c9e8ddbcfbf6e6be) Importer(815301076,1909f56bfc062723c751e8b465ee728b)
Start importing Assets/Scripts/nnn.cs using Guid(24e7eec36a3ef324c9e8ddbcfbf6e6be) Importer(815301076,1909f56bfc062723c751e8b465ee728b)  -> (artifact id: '27873402e6f1524d4641d34a103bd562') in 0.049611 seconds 
  Import took 0.053406 seconds .

========================================================================
Received Prepare
Registering precompiled user dll's ...
Registered in 0.009033 seconds.
Begin MonoManager ReloadAssembly
Native extension for WindowsStandalone target not found
Native extension for WebGL target not found
Refreshing native plugins compatible for Editor in 0.40 ms, found 2 plugins.
Preloading 0 native plugins for Editor in 0.00 ms.
Mono: successfully reloaded assembly
- Completed reload, in  1.677 seconds
Domain Reload Profiling:
	ReloadAssembly (1677ms)
		BeginReloadAssembly (263ms)
			ExecutionOrderSort (0ms)
			DisableScriptedObjects (8ms)
			BackupInstance (0ms)
			ReleaseScriptingObjects (0ms)
			CreateAndSetChildDomain (118ms)
		EndReloadAssembly (1334ms)
			LoadAssemblies (132ms)
			RebuildTransferFunctionScriptingTraits (0ms)
			SetupTypeCache (514ms)
			ReleaseScriptCaches (1ms)
			RebuildScriptCaches (49ms)
			SetupLoadedEditorAssemblies (460ms)
				LogAssemblyErrors (0ms)
				InitializePlatformSupportModulesInManaged (10ms)
				SetLoadedEditorAssemblies (1ms)
				RefreshPlugins (0ms)
				BeforeProcessingInitializeOnLoad (102ms)
				ProcessInitializeOnLoadAttributes (328ms)
				ProcessInitializeOnLoadMethodAttributes (10ms)
				AfterProcessingInitializeOnLoad (9ms)
				EditorAssembliesLoaded (0ms)
			ExecutionOrderSort2 (0ms)
			AwakeInstancesAfterBackupRestoration (10ms)
Platform modules already initialized, skipping
Refreshing native plugins compatible for Editor in 0.38 ms, found 2 plugins.
Preloading 0 native plugins for Editor in 0.00 ms.
Unloading 1530 Unused Serialized files (Serialized files now loaded: 0)
System memory in use before: 72.8 MB.
System memory in use after: 72.9 MB.

Unloading 16 unused Assets to reduce memory usage. Loaded Objects now: 2019.
Total: 4.022900 ms (FindLiveObjects: 0.184000 ms CreateObjectMapping: 0.067500 ms MarkObjects: 3.746900 ms  DeleteObjects: 0.023200 ms)

AssetImportParameters requested are different than current active one (requested -> active):
  custom:framework-win-MediaFoundation: 216162199b28c13a410421893ffa2e32 -> 
  custom:video-decoder-ogg-theora: a1e56fd34408186e4bbccfd4996cb3dc -> 
  custom:container-muxer-webm: aa71ff27fc2769a1b78a27578f13a17b -> 
  custom:container-demuxer-webm: 4f35f7cbe854078d1ac9338744f61a02 -> 
  custom:container-demuxer-ogg: 62fdf1f143b41e24485cea50d1cbac27 -> 
  custom:video-encoder-webm-vp8: eb34c28f22e8b96e1ab97ce403110664 -> 
  custom:video-decoder-webm-vp8: 9c59270c3fd7afecdb556c50c9e8de78 -> 
  custom:audio-decoder-ogg-vorbis: bf7c407c2cedff20999df2af8eb42d56 -> 
  custom:audio-encoder-webm-vorbis: bf7c407c2cedff20999df2af8eb42d56 -> 
========================================================================
Received Prepare
Registering precompiled user dll's ...
Registered in 0.006786 seconds.
Begin MonoManager ReloadAssembly
Native extension for WindowsStandalone target not found
Native extension for WebGL target not found
Refreshing native plugins compatible for Editor in 0.43 ms, found 2 plugins.
Preloading 0 native plugins for Editor in 0.00 ms.
Mono: successfully reloaded assembly
- Completed reload, in  1.438 seconds
Domain Reload Profiling:
	ReloadAssembly (1438ms)
		BeginReloadAssembly (178ms)
			ExecutionOrderSort (0ms)
			DisableScriptedObjects (6ms)
			BackupInstance (0ms)
			ReleaseScriptingObjects (0ms)
			CreateAndSetChildDomain (49ms)
		EndReloadAssembly (1104ms)
			LoadAssemblies (136ms)
			RebuildTransferFunctionScriptingTraits (0ms)
			SetupTypeCache (344ms)
			ReleaseScriptCaches (1ms)
			RebuildScriptCaches (47ms)
			SetupLoadedEditorAssemblies (414ms)
				LogAssemblyErrors (0ms)
				InitializePlatformSupportModulesInManaged (6ms)
				SetLoadedEditorAssemblies (1ms)
				RefreshPlugins (1ms)
				BeforeProcessingInitializeOnLoad (110ms)
				ProcessInitializeOnLoadAttributes (275ms)
				ProcessInitializeOnLoadMethodAttributes (11ms)
				AfterProcessingInitializeOnLoad (11ms)
				EditorAssembliesLoaded (0ms)
			ExecutionOrderSort2 (0ms)
			AwakeInstancesAfterBackupRestoration (10ms)
Platform modules already initialized, skipping
Refreshing native plugins compatible for Editor in 1.67 ms, found 2 plugins.
Preloading 0 native plugins for Editor in 0.00 ms.
Unloading 1530 Unused Serialized files (Serialized files now loaded: 0)
System memory in use before: 72.8 MB.
System memory in use after: 72.9 MB.

Unloading 15 unused Assets to reduce memory usage. Loaded Objects now: 2021.
Total: 2.762500 ms (FindLiveObjects: 0.152100 ms CreateObjectMapping: 0.065100 ms MarkObjects: 2.522900 ms  DeleteObjects: 0.021100 ms)

AssetImportParameters requested are different than current active one (requested -> active):
  custom:framework-win-MediaFoundation: 216162199b28c13a410421893ffa2e32 -> 
  custom:video-decoder-ogg-theora: a1e56fd34408186e4bbccfd4996cb3dc -> 
  custom:container-muxer-webm: aa71ff27fc2769a1b78a27578f13a17b -> 
  custom:container-demuxer-webm: 4f35f7cbe854078d1ac9338744f61a02 -> 
  custom:container-demuxer-ogg: 62fdf1f143b41e24485cea50d1cbac27 -> 
  custom:video-encoder-webm-vp8: eb34c28f22e8b96e1ab97ce403110664 -> 
  custom:video-decoder-webm-vp8: 9c59270c3fd7afecdb556c50c9e8de78 -> 
  custom:audio-decoder-ogg-vorbis: bf7c407c2cedff20999df2af8eb42d56 -> 
  custom:audio-encoder-webm-vorbis: bf7c407c2cedff20999df2af8eb42d56 -> 
========================================================================
Received Prepare
Registering precompiled user dll's ...
Registered in 0.007191 seconds.
Begin MonoManager ReloadAssembly
Native extension for WindowsStandalone target not found
Native extension for WebGL target not found
Refreshing native plugins compatible for Editor in 0.37 ms, found 2 plugins.
Preloading 0 native plugins for Editor in 0.00 ms.
Mono: successfully reloaded assembly
- Completed reload, in  1.279 seconds
Domain Reload Profiling:
	ReloadAssembly (1279ms)
		BeginReloadAssembly (131ms)
			ExecutionOrderSort (0ms)
			DisableScriptedObjects (6ms)
			BackupInstance (0ms)
			ReleaseScriptingObjects (0ms)
			CreateAndSetChildDomain (32ms)
		EndReloadAssembly (1071ms)
			LoadAssemblies (116ms)
			RebuildTransferFunctionScriptingTraits (0ms)
			SetupTypeCache (408ms)
			ReleaseScriptCaches (1ms)
			RebuildScriptCaches (53ms)
			SetupLoadedEditorAssemblies (362ms)
				LogAssemblyErrors (0ms)
				InitializePlatformSupportModulesInManaged (7ms)
				SetLoadedEditorAssemblies (1ms)
				RefreshPlugins (0ms)
				BeforeProcessingInitializeOnLoad (99ms)
				ProcessInitializeOnLoadAttributes (233ms)
				ProcessInitializeOnLoadMethodAttributes (12ms)
				AfterProcessingInitializeOnLoad (9ms)
				EditorAssembliesLoaded (1ms)
			ExecutionOrderSort2 (0ms)
			AwakeInstancesAfterBackupRestoration (8ms)
Platform modules already initialized, skipping
Refreshing native plugins compatible for Editor in 0.37 ms, found 2 plugins.
Preloading 0 native plugins for Editor in 0.00 ms.
Unloading 1530 Unused Serialized files (Serialized files now loaded: 0)
System memory in use before: 72.8 MB.
System memory in use after: 72.9 MB.

Unloading 15 unused Assets to reduce memory usage. Loaded Objects now: 2023.
Total: 3.735500 ms (FindLiveObjects: 0.160000 ms CreateObjectMapping: 0.062700 ms MarkObjects: 3.484100 ms  DeleteObjects: 0.027500 ms)

AssetImportParameters requested are different than current active one (requested -> active):
  custom:framework-win-MediaFoundation: 216162199b28c13a410421893ffa2e32 -> 
  custom:video-decoder-ogg-theora: a1e56fd34408186e4bbccfd4996cb3dc -> 
  custom:container-muxer-webm: aa71ff27fc2769a1b78a27578f13a17b -> 
  custom:container-demuxer-webm: 4f35f7cbe854078d1ac9338744f61a02 -> 
  custom:container-demuxer-ogg: 62fdf1f143b41e24485cea50d1cbac27 -> 
  custom:video-encoder-webm-vp8: eb34c28f22e8b96e1ab97ce403110664 -> 
  custom:video-decoder-webm-vp8: 9c59270c3fd7afecdb556c50c9e8de78 -> 
  custom:audio-decoder-ogg-vorbis: bf7c407c2cedff20999df2af8eb42d56 -> 
  custom:audio-encoder-webm-vorbis: bf7c407c2cedff20999df2af8eb42d56 -> 
